1277261153895215104,Yesterday 596 today 783 ; whats wrong with Bangalore! Sudden spike in corona cases.,whats wrong with Bangalore,4,6
1277261169082990594,@statesystem @dan_greenstein As Covid cases begin to spike again how are the state universities going to safely br… https://t.co/iWNzmS0hrZ,@statesystem @dan_greenstein As Covid cases begin to spike again how are the state universities going to safely br… https://t.co/iWNzmS0hrZ,0,0
1277261220018610176,RT @karlarenic: Does your Halifax business have a COVID-19 surcharge?   Are you a customer that has been charged a COVID-19 or sanitization…,RT @karlarenic: Does your Halifax business have a COVID-19 surcharge?   Are you a customer that has been charged a COVID-19 or sanitization…,0,0
1277261246144929792,@realDonaldTrump You're weak on Covid  You're weak on Russia  You're weak on the Economy  You're weak on everything… https://t.co/Sxaa77hFla,You're weak,6,9
1277261316458233857,RT @JaneTrainor4: @TomFitton @realDonaldTrump @CDCgov @HHSGov @SpoxDHS @IngrahamAngle I am tired of the hoax surrounding CoVid. I hope this…,the hoax surrounding CoVid,7,6
1277261370657038343,There is a building momentum for broad legal immunity for COVID-related tort liability across sectors. It is troubl… https://t.co/upw7pYmRSE,building momentum,1,2
1277261407587840003,RT @Pjw20161951: @marklevinshow Why is #FakeNews NOT blaming COVID spike on the thousands of “YOUNG” Leftist arsonists anarchists looters…,Why is #FakeNews NOT blaming,6,4
1277261438306922496,@Kelleyrose20 @petsit16 Also what Biden ACTUALLY SAID was "over 120 million dead from COVID...I MEAN 120000."  No… https://t.co/zI2Ac8UPJT,ACTUALLY SAID,6,3
1277261563360096265,RT @wayneatherholt: Midsize nonprofit employment down by nearly half due to COVID-19 | News | PND https://t.co/zTolG685yb,down by nearly half,4,3
1277261608046206984,@mummy_mistura @Oyesola_ God punish Corona sha. Why are you choking yourself in frame 3?,Why are you,4,0
1277261634759561221,RT @PMOIndia: You would be happy to know that powered by our Corona warriors India is firmly fighting COVID-19.  Earlier this year some p…,firmly fighting COVID-19,2,1
1277261754372952064,32 New Cases Of Corona Virus Reported In Uttarakhand Today Total Number Of Patients Reach To 2823 https://t.co/Qts218rEcM,32 New Cases Of Corona Virus Reported In Uttarakhand Today Total Number Of Patients Reach To 2823 https://t.co/Qts218rEcM,0,0
1277261761314512897,@realDonaldTrump @robertjeffress @VP Because Texas isn’t struggling enough with COVID,isn’t struggling enough,6,9
1277261829631287297,RT @farrukh012: Dont go to hospital All patients declare as COVID-19  Fact - hospital is a reliable place for proper treatment or test #Bre…,Dont go to hospital,6,4
1277262200583880704,Bots are the Covid-19 of social media. The more you interact with them the wider their infection spreads.,the wider their infection spreads,6,9
1277262312974413824,RT @ValiyaKavita: Senior Doctors and hospitals are busy in covid duties. Students have to travel across India for practical exam. Risk for…,have to travel across India,4,3
1277262337926467584,RT @danidonovan: How to wear a face mask without fogging up your glasses 😷👓 #COVID https://t.co/jIqVCEcJbK,RT @danidonovan: How to wear a face mask without fogging up your glasses 😷👓 #COVID https://t.co/jIqVCEcJbK,0,0
1277262351138463744,@coachlaw71 @KansasPregame @KSHSFOOTBALL @KSHSAA You do see that sometimes with pneumonia.  Asymptomatic covid won’… https://t.co/v6y7nFvSJK,You do see that sometimes,4,0
1277262359174791169,Defs got the corona virus last night,got the corona virus,3,5
1277262362903527427,Hey Cobb County GA employees! What are our rights during COVID? Being forced to go into a building where no one we… https://t.co/O2OhH3sIoI,Hey Cobb County GA employees! What are our rights during COVID? Being forced to go into a building where no one we… https://t.co/O2OhH3sIoI,0,0
1277262413377622020,RT @narendramodi: Spoke with Prime Minister Thongloun Sisoulith and commended the effective management of COVID-19 in Lao PDR.  Also review…,RT @narendramodi: Spoke with Prime Minister Thongloun Sisoulith and commended the effective management of COVID-19 in Lao PDR.  Also review…,0,0
1277262446424739842,RT @Ldn_Ambulance: If you've recovered from #Covid19 you can help @NHSBT by donating blood plasma as part of a trial to help treat #corona…,you can help,1,0
1277262446630244353,Boris Johnson is going to keep the Covid-19 wave by any means possible🤔 https://t.co/IXkhjEW384,by any means possible,4,9
1277262459015966724,RT @xeyons: Corona Virus isn't a joke. Even if u aren't positive the test alone is kindda unbearable.  The self-isolation for 14days isn't…,isn't a joke,5,9
1277262459318001667,@realDonaldTrump I wish you cared about human life &amp; dignity as you do of statues! #covid-45,wish you cared,6,3
1277262463881355267,@FootyAccums I see corona has completely cleared up in Liverpool absolute morons! If there's a second peak you lot… https://t.co/DsIUzjMy7A,If there's a second peak,9,5
1277262464548311042,5 Ways Family Businesses Can Adapt To Covid-19  https://t.co/ZmKb59IsHv,5 Ways Family Businesses Can Adapt To Covid-19  https://t.co/ZmKb59IsHv,0,0
1277262476434907142,People are dying of COVID-19 and cases are surging in TX and servers don't get paid time off or benefits if they ge… https://t.co/JXqBXAFYQR,People are dying,6,3
1277262613664026628,RT @abnalye79675481: The faces of COVID-19: Patients share their coronavirus experience https://t.co/4gBk8XWV6b https://t.co/hGSAdROZY6,RT @abnalye79675481: The faces of COVID-19: Patients share their coronavirus experience https://t.co/4gBk8XWV6b https://t.co/hGSAdROZY6,0,0
1277262619158642688,I seem to have woken up very angry about covid today.,very angry,6,9
1277262630521057281,@Scaramucci Yes we are all sick and dying of COVID...but this is the top story right now.  Trump is a treasonous t… https://t.co/WiJhSEamYo,but this is the top story right now,4,9
1277262635424251904,@the_smme @SA_Taxis Indeed birds of the same feather flock together. Your putting peoples lives at risk covid is re… https://t.co/bkDOdRmGJv,putting peoples lives at risk,6,5
1277262655196184578,🚨 @latimes: “As experts warn that exposure to pollution can increase the risk of dying from COVID-19 an array of p… https://t.co/thw9c9lAEM,can increase the risk of dying,4,5
1277262742810841088,@SFGate Opinion piece #FakeNews BTW How are your rioters covid #’s?,@SFGate Opinion piece #FakeNews BTW How are your rioters covid #’s?,0,0
1277262785752293378,Showing remarkable resilience Italy has seen off the worst of the Covid 19 Pandemic but due caution is still being… https://t.co/yPdEUSXh9j,remarkable resilience,1,2
1277262863724187653,COVID-19: 7 Beacon Men 3 Cops Among 127 More Test Positive Tally Reaches 7093 - https://t.co/V1lnYVZ02c,COVID-19: 7 Beacon Men 3 Cops Among 127 More Test Positive Tally Reaches 7093 - https://t.co/V1lnYVZ02c,0,0
1277262928543170564,RT @PTIPunjabPK: Stop the spread of Corona virus by wearing mask. #PakistanTacklesCorona https://t.co/Mbxk9Bt0DN,Stop the spread,1,5
1277262984079831041,This comes amid COVID-19 cases being reported among the workers of the diamond polishing units in Surat which is s… https://t.co/EPkP6pLWuN,This comes amid COVID-19 cases being reported among the workers of the diamond polishing units in Surat which is s… https://t.co/EPkP6pLWuN,0,0
1277263022319419392,Gujarat CM surrender against coronavirus. 30 saal me aagar education health me development kiya hota toh aacha hot… https://t.co/aHpOFjVsvo,Gujarat CM surrender against coronavirus. 30 saal me aagar education health me development kiya hota toh aacha hot… https://t.co/aHpOFjVsvo,0,0
1277263057064951809,India's COVID-19 recovery rate over 58%: Health Minister Harsh Vardhan https://t.co/1FyHH6pVlj via NaMo App https://t.co/9EGdyAOp5u,recovery rate over 58%,2,4
1277263059279544321,RT @DontAskMeBitch2: I just got off a 13 hour shift in which I had 2 possible Covid patients and a confirmed positive Covid patient. If I’m…,and a confirmed positive Covid patient,5,6
1277263088937385984,RT @RaoulGMI: I note the frequent references on Twitter to Sweden's response to COVID with a light lockdown. There are a few issues here. S…,RT @RaoulGMI: I note the frequent references on Twitter to Sweden's response to COVID with a light lockdown. There are a few issues here. S…,0,0
1277263129638875137,Corona has changed everything....  Now I just can't grab &amp; move with any food item.......I feel like the virus is g… https://t.co/6pDp0OjZOy,changed everything,4,5
1277263226464428032,RT @LkoSmartCity: #LucknowFightsCorona #DekhBhai  Click Below to Register for COVID-19 Self Assessment TODAY... https://t.co/jRinQVqW3o  #…,RT @LkoSmartCity: #LucknowFightsCorona #DekhBhai  Click Below to Register for COVID-19 Self Assessment TODAY... https://t.co/jRinQVqW3o  #…,0,0
1277263280084410374,@HardFastAndFree @SaniaAhmad1111 Good good . So does vitamin d have any impact on holding against COVID? Any studi… https://t.co/ItNJWa5h4I,Good,2,0
1277263280298438656,I live in Florida and the COVID 19 cases are going here on a daily basis . My question is when is the governor do something about it.,do something about it,6,5
1277263396325515264,can’t wait to see the spike in corona cases in springfield after today 🤪,the spike in corona cases,5,3
1277263414776270848,RT @chinmay93: 3) After finding that the person staying in your facility was covid positive why you didn't inform to near by residents? 4)…,why you didn't inform,6,4
1277263425710821383,RT @CheriPreston: #covid numbers rising health experts worried and states forced to back up. Going into the office in the midst of a pand…,health experts worried,5,4
1277263541892939784,@thetomzone I never wanted to go there before COVID,@thetomzone I never wanted to go there before COVID,0,0
1277263693126995968,@itsJeffTiedrich Killed WITH Covid. Not BY Covid. Damn you're dumb as a rock,dumb as a rock,6,9
1277263734310928386,@MDaware Covid coming,@MDaware Covid coming,0,0
1277263742619664384,@SecondLady Covid-19 DENIALIST PENCE CANCELS BUS TOUR “out of an abundance of caution”  Matthew 16:25  "For whoeve… https://t.co/axkgyVAy9v,DENIALIST,6,7
1277263828510629888,@SecPompeo CORONA VIRUS IS A BIOLOGICAL WEAPON OF CHINA. CHINA KILLED ONE MILLION PEOPLE OF WORLD. NOW PLANNING TO… https://t.co/BDJ1kkOLwr,BIOLOGICAL WEAPON,5,9
1277263858554503168,Man surprised doctor wife with b’day cake in covid-19 shape https://t.co/IbMkLA0AAn,surprised,4,2
1277264139757518853,RT @cloud_opinion: Everything is big in Texas even Covid-19,big in Texas,8,5
1277264225614721026,#postponetseamcet Due to COVID-19 people are not able to step out of their homes sir/madam we students request you… https://t.co/bUDFHgqUf3,not able to step out,4,5
1277264255008595968,@SiskJerry @Redbhoy1888 @bygonesapper About 2 months depending what happens with Covid. Her company has asked her… https://t.co/91DoLzs9Lk,@SiskJerry @Redbhoy1888 @bygonesapper About 2 months depending what happens with Covid. Her company has asked her… https://t.co/91DoLzs9Lk,0,0
1277264377087799302,@knittaphd Sunday: 125559 deaths. 2511725 cases. Covid growing exponentially. Only 8.6% tested. Still no nationa… https://t.co/JJ5Hjk8IzL,exponentially,4,9
1277264422696898561,RT @SiyaFuckinQ: Cape Town peeps talking about Covid-19 and the increase of cases in the Western Cape ☕️🐸 https://t.co/gPvAbFVrmt,increase of cases,9,5
1277264500790407170,Bayview is the SF neighborhood hit hardest by COVID-19 please watch this video created by Bayview residents that s… https://t.co/NPMczVxZf9,hit hardest,4,5
1277264507027329025,RT @PraveenAkolkar: @DrRPNishank #NEET2020 #dontpostponeneet Sir  please don’t postpone neet unless you are so sure that covid will not be…,please don’t,3,9
1277264542406447106,This protests should be banned due to Covid -19 risks and not allowed at this time as they are creating a public risk to all.,risk to all,5,7
1277264600782835717,@voicecyrus @mileneraycyrus @callherstupid my corona era body hasn’t change even when i stopped eating for a week😤,hasn’t change,3,9
1277264609825652742,RT @Wolfaro: Two of my cousins have Covid in Santiago. Just today i'm hearing the news they have a couple of days with it already.  : (,have Covid,3,4
1277264690968776705,@atrupar Idiot stupid imbecile covidiot. You wanna tell us that Florida COVID surge is due to increase testing?… https://t.co/DIh9spSRbq,Idiot,6,7
1277264807473881090,The world after covid-19 – Kai-Fu Lee on how covid spurs China’s great robotic leap forward https://t.co/z1VwUFNSyA,after covid-19,1,4
1277264838570491906,This week we saw 4158 COVID-19 deaths in the US compared to last week's total of 4515 a drop of 7.91%.  That's… https://t.co/irZnO4bvLV,a drop,1,2
1277264964647104512,#Poll : Do you think it's the right time to resume film #shootings?  https://t.co/pwSGMuRrze  #TFI #Corona,#Poll : Do you think it's the right time to resume film #shootings?  https://t.co/pwSGMuRrze  #TFI #Corona,0,0
1277264992212049920,@DebenTravel Insurance still omits COVID-19 so deep pockets if you get it abroad I fear !!,I fear !!,5,4
1277265092329996290,MY GREAT GRANDMA HAS COVID... SHES 90 😭,HAS COVID,5,3
1277265114488426496,RT @IndiaToday: #Coronavirus | Districts with India's highest case fatality rates i.e. deaths relative to total confirmed cases are two r…,highest case fatality rates,4,5
1277265198479552512,@bonnielep They dont believe "all lives matter" either or they wouldn't be so determined to let a good portion of us die from COVID-19,dont believe,7,6
1277265233950670850,RT @regionofpeel: As you’re heading to your hair appointment patio or pool remember that COVID-19 is still in Peel. Stay safe by committi…,still in Peel,5,1
1277265283527274496,The Covid-19 debate panel in Assamese News Channels are arguing over BJP and INC's winning probability in Rajyasabh… https://t.co/N2wGgRk6xQ,The Covid-19 debate panel in Assamese News Channels are arguing over BJP and INC's winning probability in Rajyasabh… https://t.co/N2wGgRk6xQ,0,0
1277265390914027521,Covid for all. Do you idiots not see the trends in red states that reopened early? Fucking dolts. You're just a pan… https://t.co/X3ihtNf1hd,Fucking dolts,6,4
1277265399310999554,#Covid19Theory #coronavirus  Western conspiracy theories suggesting Covid-19 is man-made &amp; was unleashed deliberate… https://t.co/u7ltojTmR3,man-made,5,4
1277265422300188672,@chocafella Oh no! Not covid related I hope?,Oh no!,4,3
1277265469884510208,Oh darn. Another thing Trump doesn't want you to see or retweet. The Villages' motorized "Covid for All" campaign… https://t.co/4aDhlo8rC2,Another thing,4,6
1277265483318702080,CA avg COVID Test positivity rate is ~5%. Imperial county is at 16.8% positivity!!   We reopened way too soon,way too soon,9,6
1277265483356504068,US already surrendered to COVID-19 because of the total failure of federal government.,already surrendered,9,3
1277265566894448645,RT @finnovationz555: A salute to this less known hero who admits the covid 19 situation is carrying out his duties. #theHeroOnStreets #fin…,A salute,2,0
1277265633676341249,This the most I’ve been out this weekend and folk don’t care about this Covid,folk don’t care,4,3
1277265641385443328,[Seems Covid outbreaks are really common at meat processing plants]  Such environments are filled with meaty goos.… https://t.co/ZFhU5ix3Pv,at meat processing plants,4,0
1277265672100339714,RT @ShaunaJWV: A positive client #COVID19 case is leading to self-quarantine recommendations from @WVMCHD for more than 200 others potentia…,RT @ShaunaJWV: A positive client #COVID19 case is leading to self-quarantine recommendations from @WVMCHD for more than 200 others potentia…,0,0
1277265698826399750,RT @Newswars4: Due to the rise in COVID cases we ask that “protesters” work from home and destroy their own property.,their own property,8,7
1277265776085471235,RT @cohenluc: "In some cases patients die of symptoms consistent with COVID-19 the disease caused by the coronavirus but their death cer…,but their death cer…,4,6
1277265797979631616,@RockyMountViews Covid desperation?,@RockyMountViews Covid desperation?,0,0
1277265910970101770,I saw Dickie V trending and feared he caught COVID-19  Holy shit please do not do this to me Twitter https://t.co/Q3viJYzRX2,and feared,5,8
1277265922336665600,@RaoKavitha please Madam we r requesting u give correct treatment of corona patient this is my humble request please... Please,please...,5,3
1277265935745908737,NY student sparks COVID-19 cluster after returning from Florida https://t.co/QLC3HbqDPd via @nypmetro,from Florida,4,3
1277265948890857472,My daughter is insisting I eat an apple - guess the Covid weight gain is beyond obvious https://t.co/Jrei59zzko,Covid weight gain,8,3
1277265951289864193,RT @Theupdater_: ✳️Covid-19 Bulletin #Nagaland status as on 28th June 2020 at 3:00 PM. https://t.co/JhzryWQ5xG,RT @Theupdater_: ✳️Covid-19 Bulletin #Nagaland status as on 28th June 2020 at 3:00 PM. https://t.co/JhzryWQ5xG,0,0
1277265954653822976,Are the other passengers concerned about his stench or Covid-19?  I’m assuming Both.,his stench or Covid-19,8,5
1277266057913233408,CRPF Jawan Succumbs to Covid-19 Death Toll in Central Force Now 9 https://t.co/HCB1KLf2Ox,CRPF Jawan Succumbs to Covid-19 Death Toll in Central Force Now 9 https://t.co/HCB1KLf2Ox,0,0
1277266098757365761,RT @IshretKhursheed: @HRDMinistry @DrRPNishank @PIB_India @PIBHindi @MIB_India @mygovindia @drharshvardhan @COVIDNewsByMIB @MoHFW_INDIA #po…,RT @IshretKhursheed: @HRDMinistry @DrRPNishank @PIB_India @PIBHindi @MIB_India @mygovindia @drharshvardhan @COVIDNewsByMIB @MoHFW_INDIA #po…,0,0
1277266139064733697,Open Twitter or Facebook  You will find Corona experts Tax experts Budget experts International oil market experts… https://t.co/pVSwBe3GNs,experts,8,6
1277266171750989825,Today would’ve marked the 41st summer of basketball at Hilbert College. Covid-19 has prohibited us from hosting our… https://t.co/3lR8ZXYNWX,would’ve marked,3,9
1277266183142678534,Battle of Brits tennis tournament probably one of those things that could outlast Covid.   I think a lot of sports… https://t.co/p4E8Cni7ft,could outlast,1,0
1277266420217364480,@ManletSouls tell them u got covid fuck em,fuck em,6,8
1277266440400314381,RT @CheyneJoness: No new Covid-19 cases after 56 more tests. https://t.co/pEcCm9A30p,No new Covid-19 cases,2,4
1277266453671153665,@paulkrugman The Houston hospitals reported 14% of patients are Covid. Nice try.,Nice try.,6,7
1277266494682955777,The Government says they're relying on the public's common sense to get us through this stage of Covid.   This is t… https://t.co/r1sYhI32QJ,the public's common sense,9,3
1277266546897948674,RT @s_chan4: There’s going to be a “new normal” in the post-COVID-19 world. But are we doing enough to make it the best new normal? Join us…,are we doing enough,5,9
1277266550752411648,RT @helcybands: Is there another way to test for COVID-19? Because if the Q-tip is the only way ya completely missed me with it .,missed me with it,8,5
1277266552111259648,Those who are trolling Barcelona are the people’s who have started watching football after corona Virus Pandamic… https://t.co/Acon0kAbGY,Those who are trolling Barcelona are the people’s who have started watching football after corona Virus Pandamic… https://t.co/Acon0kAbGY,0,0
1277266588350234624,RT @Jeff66923777: Over 125000 dead from Covid-19 &amp; those #s are accelerating daily.   We're also in a #BLM crisis that needs addressing.…,accelerating daily,9,5
1277266609149808640,@Brucest00543263 @MIT_CSAIL No. Cheering M is tacit approval of his promotion of red-pill conspiracies covid denia… https://t.co/OdshQUUUC4,red-pill conspiracies,6,7
1277266689562775552,@TorgalSatish @publictvnews First Sudhakar is irresponsible.. his family got Corona. God's grace everyone is safe.… https://t.co/zzuPaQa5iR,irresponsible,6,3
1277266963287310338,RT @CastanedaHeide: Great discussion of anthropology &amp; medicine as well as current COVID-19 situation with Dr. Jason Wilson @tampaerdoc as…,RT @CastanedaHeide: Great discussion of anthropology &amp; medicine as well as current COVID-19 situation with Dr. Jason Wilson @tampaerdoc as…,0,0
1277266975761108993,RT @nathanlents: Just ran 8 miles in under 65 minutes in the scorching heat and blazing sun. Even though I’m COVID-recovered and despite s…,under 65 minutes,4,2
1277267000667058178,Does anyone know of any articles that talk about weather or not we are safe from catching Covid while being in a crowd outside?,Does anyone know of any articles that talk about weather or not we are safe from catching Covid while being in a crowd outside?,0,0
1277267115121278980,@inthestyleUK I know you are under pressure due to the influx of orders due to Covid etc. but customer service aren… https://t.co/m3OBcfR5m4,but,6,4
1277267169873625095,@ErrolWebber Don’t play into their game. Covid hospitalizations and deaths are on a big decline. Using positive tes… https://t.co/2TwDhhQ7jf,a big decline,1,7
1277267251779993601,@leonardolizardo @mirandaltaynaja COVID-35,@leonardolizardo @mirandaltaynaja COVID-35,0,0
1277267282297749504,What everyone is thinking...  Love how COVID works to fit their agenda but isn't universal  If that's the case then… https://t.co/w3lv1GJgH7,but isn't universal,6,9
1277267439227744257,@ErrolWebber @annmaria Specially if the tests are already infected with covid https://t.co/QysYGAh9kN,tests are already infected,5,7
1277267440100130817,@DVATW They don't have fear of Corona or what? Really what they have become!,don't have fear,7,1
1277267462938034177,Out of the 186 Covid-19 deaths in Allegheny County......  https://t.co/22ksKrpyZ2 https://t.co/ABIe1tOCsT,Out of the 186 Covid-19 deaths in Allegheny County......  https://t.co/22ksKrpyZ2 https://t.co/ABIe1tOCsT,0,0
1277267670145142789,Here’s the sobering thought I can’t quit. Trump voters don’t care. It’s their team. COVID deaths aren’t happening b… https://t.co/m9LEpLixrE,don’t care,3,5
1277267704886386690,@Anti_sekular @taslimanasreen If you don't think virus spread 6 feet go to covid icu or isolate ward without mask a… https://t.co/QYkRIC1Pf5,without mask,6,9
1277267717058441216,@johndickerson deserves a MF Emmy after this interview with the veep on our nations (horrible) COVID response and m… https://t.co/om8tzhJMkC,deserves a MF Emmy,2,6
1277267732350689280,https://t.co/836OQELc41  Sir Still this hospital is not came into working. Why don't we utilise this for covid pan… https://t.co/1qPEhAEbJc,Why don't we,4,6
1277267902983335936,Supreme Court Bar Association Relaxes Conditions For Application To COVID Grant Scheme for its Members https://t.co/6taJLpYovQ,Supreme Court Bar Association Relaxes Conditions For Application To COVID Grant Scheme for its Members https://t.co/6taJLpYovQ,0,0
1277267993060409346,RT @natasharothwell: The administration's response to Covid-19 is like that of a lifeguard who gets a tsunami warning but doesn't tell bea…,but doesn't tell,6,9
1277268004540166145,@kerpen Malpractice to cite a single day stat on any COVID topic much less without any context or supporting detail. Shame on you.,Shame on you.,6,3
1277268035053617152,United States Corona virus Cases : 2611245 Deaths : 128211  Recovered : 1081551 Projections  Closed Cases 120… https://t.co/qgxqndVY2Z,United States Corona virus Cases : 2611245 Deaths : 128211  Recovered : 1081551 Projections  Closed Cases 120… https://t.co/qgxqndVY2Z,0,0
1277268198774181895,I saw this at the covid testing center Mask were mandatory,Mask were mandatory,2,1
1277268261000757258,One reality that the COVID-19 pandemic has driven home is that the welfare state cannot be replaced and needs to be strengthened.,cannot be replaced,3,9
1277268316080558083,@One_Broke_B @tomara1230 @MayneKneeAck @hannahadavison @girlfrinn BLM have nothing to do with COVID-19. You gotta w… https://t.co/0aBnEgfOyt,@One_Broke_B @tomara1230 @MayneKneeAck @hannahadavison @girlfrinn BLM have nothing to do with COVID-19. You gotta w… https://t.co/0aBnEgfOyt,0,0
1277268355339243521,RT @HooFollowsHoo: Like all of us Kihei has aged 10 years during corona https://t.co/7CRIf19pbs,aged 10 years,3,4
1277268413195399170,DeSantis says dismissal of Florida COVID-19 data chief a 'non-issue' though emails say otherwise  https://t.co/x1tihmNYC9,emails say otherwise,4,5
1277268416982855680,@ScorpioGCoast @rohan_connolly @AFL Playing 16 a side because of COVID because of the need that Essendon and Melbou… https://t.co/pVQWfUmWSR,@ScorpioGCoast @rohan_connolly @AFL Playing 16 a side because of COVID because of the need that Essendon and Melbou… https://t.co/pVQWfUmWSR,0,0
1277268419134599170,@youngcue912 Tru but they scared of covid,they scared,5,4
1277268427527401473,@fezziwig_mr @northwalescom @CarlBovisNature I rebooked for September 2021 to save us having to pay for a £90 covid… https://t.co/t6xfDVcUq5,to save us,2,4
1277268568565047297,RT @Matthew73610025: @POTUS Literally all it would take to get #coronavirus under control would be a 1 month quarantine NATIONWIDE. This co…,under control,1,7
1277268579184971778,@miles_commodore Miles answer this for me R U more fearful of the Covid Virus or the Economy Crashing ??? 🇺🇸🥊🙏,@miles_commodore Miles answer this for me R U more fearful of the Covid Virus or the Economy Crashing ??? 🇺🇸🥊🙏,0,0
1277268602102710272,According to the White House this week Trump was joking in Tulsa about reducing Covid-19 testing; he was never bri… https://t.co/MJOyNU2YgR,reducing Covid-19 testing,4,6
1277268628086366210,#EgyptianArmy #covid_19 field #hospitals #Corona #virus #covid19 #coronavirus #health #Healthcare #disease… https://t.co/bNpG1yPN2D,#EgyptianArmy #covid_19 field #hospitals #Corona #virus #covid19 #coronavirus #health #Healthcare #disease… https://t.co/bNpG1yPN2D,0,0
1277268814003142663,What corona did to me😔😔 https://t.co/eVgSDVDjwR,😔😔,3,0
1277268959599853570,@Kelli_Fields They go well with a Corona or 3 🤣,🤣,8,0
1277269018123141121,RT @jetcitystar: - A handful of COVID-combis return to pax configuration  - Whistle-blowers at TSA and Boeing raise concerns - Atlas takes…,Whistle-blowers,4,9
1277269019117129729,Cisco Updates Webex #VideoConferencing For The Age Of COVID-19 - This week Cisco announced a round of updates to W… https://t.co/DyP90HdMUW,Cisco Updates Webex #VideoConferencing For The Age Of COVID-19 - This week Cisco announced a round of updates to W… https://t.co/DyP90HdMUW,0,0
1277269152319909891,I am Not a DOCTOR BUT this resonates WITH the antibody covid TESTING.. So THEY ARE NOT resting FOR the virus?? Ques… https://t.co/GEnpvQAh8T,So THEY ARE NOT,4,9
1277269187921170432,RT @CBSNews: New study finds troubling signs of "brain complications" in severe COVID-19 cases https://t.co/wGAHxWCkcm,brain complications,4,5
1277269235979313155,Crazy how the states that refused to take any action to prevent the spread of Covid are now experiencing the larges… https://t.co/16JwQ5JkDr,Crazy how,8,3
1277269239733334016,Hate I had to cancel my California part of my trip this week but I’ll be damned if I deal with that spike if covid there!,Hate I had to cancel,3,9
1277269310939906051,Covid-19: Maharashtra reports biggest single-day spike of 5493 cases; 156 new deaths https://t.co/3XljjYUuKe,Covid-19: Maharashtra reports biggest single-day spike of 5493 cases; 156 new deaths https://t.co/3XljjYUuKe,0,0
1277269385346940933,The death toll from coronavirus rose in Saudi Arabia and Lebanon on Sunday as the Middle East struggles to contain… https://t.co/7wfQ2dBG9U,coronavirus rose,9,5
1277269420575019010,RT @ksatnews: Padre Island National Seashore still ‘very busy’ despite rise in COVID-19 cases in Texas https://t.co/FJfiwzuSTW,despite rise,4,9
1277269433648463872,Attend Exam and get Corona Free Free Free..... Hurry up 100% Discount for first 80000 Students. Waah @navin_sheth… https://t.co/AZkhLxbOfB,and get Corona Free,8,6
1277269536484425728,Delhi COVID-19 status: 65 deaths 175 more containment zones https://t.co/srWAaPLjxO #mathrubhumi,more containment zones,4,5
1277269741577441287,RT @TimesDemocracy: Telangana Corona Daily Report: 28 June  #Telangana reported anohter 983 new positive cases of Covid-19 244 recoveries…,new positive cases,4,9
1277269781503082496,COVID-19 lockdowns take toll on Turkey tea harvest#covid- #lockdowns https://t.co/XaNwZSpEG3,take toll,3,4
1277269934033137664,@andymilonakis It had like at 12% chance of meeting that 03/2021 date and that’s even before COVID-19 slowed things… https://t.co/6vAgU8F79k,even before COVID-19,9,3
1277270005688807425,COVID-19 turning out to be huge hoax perpetrated by media - https://t.co/BZsPMjjCsr - @washtimes,huge hoax,7,6
1277270124135940096,RT @GraemeDemianyk: Government spent £4m on 2000 tags as part of Covid-19 prisoner release plan. But only 153 let out. @DavidLammy critici…,But only,4,6
1277270168750653452,tested negative for covid-19! thank you God 💗💗💗💗,thank you God,2,1
1277270251365957632,@RaquelReign *Sees Her Plight and Suggests she goes to #Sandals that way You can enjoy the Beach with No COVID-19 and have a Good Time*,No COVID-19,1,7
1277270337361571840,@GoldenNuggetLV Golden Nugget is sick! Beyond being a covid infested mess that scoffs at their own cleaning rules… https://t.co/AjStD5r5zz,covid infested mess,9,3
1277270460280049665,It's strange that we haven't heard any speculation about its potential with COVID-19. IMP-1088 could be the proverb… https://t.co/hy3ddHKyCO,It's strange,4,1
1277270600726142981,#ripdonaldtrump Of course his political career is almost dead. He and @GOP fucked up the response to Covid-19. He a… https://t.co/yA2shB3MsS,almost dead,9,6
1277270609207197699,Feeling lonely during lockdown 🧐 ? Join our freelance community today at https://t.co/H7UG5wGqUa #covid-19 #freelance #jobs,Feeling lonely during lockdown 🧐 ? Join our freelance community today at https://t.co/H7UG5wGqUa #covid-19 #freelance #jobs,0,0
1277270674994876418,Trying to keep COVID off the guest list. https://t.co/4xNxRnFwOP,off the guest list,8,5
1277270686642429955,RT @chinaorgcn: US COVID-19 cases top 2.5 mln reopening rolled back in states including Arizona Arkansas Delaware Florida Idaho Louis…,rolled back,4,9
1277270788069089280,Excellent Briefing Room with @DAaronovitch on economic policy options to mitigate COVID’s impact with particular f… https://t.co/EiCTucCiq9,Excellent Briefing Room with @DAaronovitch on economic policy options to mitigate COVID’s impact with particular f… https://t.co/EiCTucCiq9,0,0
1277270880754655233,The emotional effects caused by the Covid-19 pandemic has prompted many to consider their estate plan. Have you con… https://t.co/krK9C5eDpR,emotional effects,5,9
1277270892905668608,@SenSchumer All COVID 19 is paid for per the President..... so why are you still lying?,still lying?,7,6
1277270918943866881,UK to ease travel restrictions for COVID-19 'low-risk' countries @AJENews  https://t.co/8U2ST1gioM,to ease travel restrictions,1,7
1277271023012982785,@StewartDunb @kazzacoey @Patrici94828403 For now. I wouldn't put it past him to pass something to stop withdrawals during Covid,wouldn't put it past him,6,9
1277271031883988992,Timeline of COVID-19 https://t.co/KKvyrbCzDo,Timeline of COVID-19 https://t.co/KKvyrbCzDo,0,0
1277271036409655300,If you are an essential worker or you leave the house for work get tested for COVID-19. Make sure your family gets… https://t.co/om05hwhkdB,get tested,5,9
1277271043024060423,RT @Udith_suriya: • #SFCstandsCOVID19Welfare80D The one and only Fans Club Working relentlessly for 80 Continuous days in ground in this Co…,Working relentlessly,1,0
1277271049722146816,WWE upset with Renee Young for revealing he is Covid-19 positive: Report https://t.co/fQ2G2opN0a #WWE https://t.co/42pRxmpIsn,for revealing,4,6
1277271052561739776,RT @Dindigulmemes: Forget the Corona pandemic ..!!  Let's trend this 😠  #JusticeforJayarajAndFenix  Imagine if this happen to your Family😢…,your Family😢,4,6
1277271100494209024,RT @KTSMtv: BREAKING: 284 new COVID-19 cases reported Sunday along with record-high hospitalizations as City prepares to amend local health…,284 new COVID-19 cases,5,9
1277271223408394241,Karnataka sees 1267 new Covid-19 cases including record 783 in Bengaluru https://t.co/PlpOfXv0Ms,1267 new,5,9
1277271255729782792,RT @TheProspect: While scientists scramble to find effective treatments for COVID we know how to protect existing jobs and create good emp…,we know,1,0
1277271291892871168,RT @Ramesh070707s: @mla_sudhakar @CMofKarnataka Chief minister and  sudhakar/both are working very hard with plenty of meetings on corona v…,working very hard,1,0
1277271309169254401,RT @AHS_media: Proper regular handwashing is one of the best ways to protect yourself from contracting COVID-19. Washing your hands proper…,RT @AHS_media: Proper regular handwashing is one of the best ways to protect yourself from contracting COVID-19. Washing your hands proper…,0,0
1277271416132505600,RT @PTIGRWOfficial: Corona Virus can only be defeated by following the SOPs like a civilized nation  The risk of COVID-19 reduces hugely wh…,can only,9,0
1277271426047700992,Low Ki’s post to social media about COVID-19 has drawn a lot of criticism and one of those chiming in is FTR’s Dax… https://t.co/aWEBNPOJld,drawn a lot of criticism,4,0
1277271480464801795,I had a panic attack last night that I had corona but what if it wasn’t panic and it was actual corona. Bitch I can’t live like this,I had corona,5,3
1277271546676076544,@lazlie Hope you were safe cause Covid-19 is also another issue.,another issue,5,1
1277271602590179329,RT @chatniggah: Niggas be wearing they mask on they chin like they gon put it on when they see covid walk thru the door,walk thru the door,8,6
1277271606285328385,10000 monkeys with typewriters couldn't draft a worse COVID response than the Trump Administration,10000 monkeys with typewriters,8,6
1277271639030464513,RT @danadonly: when i was sad pre covid? that was on me. when i’m sad now? that’s on the world honey!,i’m sad now,3,8
1277271668566765568,LIE to begin with; many of the deaths attributed to COVID weren't even caused by it. Look at average deaths nationw… https://t.co/zxF96Ivps7,LIE,6,7
1277271703429636096,RT @TelanganaToday: Covid-19: Telangana registers 983 new cases four deaths on Sunday https://t.co/PhtvBa9644,deaths,3,4
1277271714062168065,Do you know what covid19 mean? Certificate of Vaccination ID by sinister globalists who planned it.,who planned it.,6,3
1277271753484533760,#News #Politico Pence attributes coronavirus spike to young Americans ‘disregarding’ Covid guidance… https://t.co/tvbITAeJVs,disregarding,6,9
1277271769523662848,#COVID19 has exposed us but taking lessons positively will help us build resilience &amp; sustainability through effect… https://t.co/3sh72C6fJa,will help us build,1,3
1277271779363508227,RT @PTIGRWOfficial: #NewProfilePic #PakistanTacklesCorona Let’s continue to raise awareness on Corona SOPs and don’t forget to thank all o…,Let’s continue,2,1
1277271779556372482,do not give Covid 19 to others. Wear a mask- stop the virus spread. 20-30 - 40 year olds. You must stop the spread.… https://t.co/8YhZqyA5na,do not give,5,0
1277271782437859330,RT @sshields__: 1st picture is pre covid-19😅 my weight has been somthing i’ve dealt w behind closed doors for the longest &amp; this is the fir…,this is the fir…,2,1
1277271807826034689,RT @SenatorBaldwin: .@VP Pence took two months off from his COVID-19 task force so he could spend his time telling everyone @realDonaldTrum…,two months off,4,9
1277271811894530048,RT @scdhec: DHEC announced 1366 new confirmed cases and 4 new probable cases of COVID-19 and 5 additional confirmed and 0 probable deaths…,1366 new confirmed cases,4,5
1277271870639869952,RT @sziks: KwaZulu Natal Province Update on Covid-19 https://t.co/Hj3Ga39q41 https://t.co/te6uw7ys1r,RT @sziks: KwaZulu Natal Province Update on Covid-19 https://t.co/Hj3Ga39q41 https://t.co/te6uw7ys1r,0,0
1277271957491367936,RT @TwitterMoments: The US reported 45942 new cases of COVID-19 on Saturday a new single-day record. https://t.co/NOAt3seD58,new single-day record,4,9
1277271966630793217,RT @uabmedicine: Consistent facemask use could significantly reduce transmission of #COVID19. The effect is greatest when 100% of the publi…,reduce transmission,1,0
1277272031466328064,RT @BobMooreNews: How bad are things getting in El Paso? 284 new COVID-19 cases reported today 22% higher than the prior peak 2 days ago a…,22% higher,5,9
1277272146331475968,RT @LouisianaGov: I want to call on the young people of our state to take COVID-19 seriously. 18-29 year-olds are the fastest-growing age g…,seriously,5,1
1277272233526931458,RT @vicksiern: What do you think would protect you more from Covid-19?,protect you more,5,0
1277272238035816448,@RobForbesDJ @MrSkota There are some good interest rates - well there were - in savings accounts before this Covid hit.,- well there were -,8,3
1277272312136503296,RT @chelseahandler: Every Republican governor who listened to Trump on COVID should resign. You listened to his bogus bullshit and pretende…,bogus bullshit,6,9
1277272331522437121,RT @tjworldfari: I don’t know if y’all know but they out here testing COVID-19 with contaminated tests🌚  soooooo be wise bout that shit cuz…,contaminated tests🌚,6,9
1277272357409828870,RT @AndyDRC: As coronavirus raged through nursing homes inspectors found nothing wrong https://t.co/zxWlLAYMIo,found nothing wrong,4,1
1277272398887297026,RT @sceptwic: Who wants a different @MethodistGB @UMChurch @irishmethodist post-Covid? Get in touch for a chat! https://t.co/b2fr524dZW @pm…,RT @sceptwic: Who wants a different @MethodistGB @UMChurch @irishmethodist post-Covid? Get in touch for a chat! https://t.co/b2fr524dZW @pm…,0,0
1277272444001189896,This coming from the one that invited all to Chinatown when Trump was alarming the nation about COVID 19. She must… https://t.co/fNg3CyOSr5,invited all,6,9
1277272483867967489,RT @sarvanhindustan: Delhi CM Kejriwal &amp; his deputy Sisodia built a brand new hospital for covid patients in record 20 days! This has 250…,RT @sarvanhindustan: Delhi CM Kejriwal &amp; his deputy Sisodia built a brand new hospital for covid patients in record 20 days! This has 250…,0,0
1277272501182218242,RT @LMCScanner: The McHenry County Health Department won an appeal and will no longer have to release names of COVID-19 patients to 911 dis…,no longer,4,2
1277272503547658241,RT @SarahMLenti: First COVID. Now American Troops. Who’s next?,Who’s next?,5,9
1277272540428238849,RT @tomwilliams1974: Correction by @UKCovid19Stats to their earlier tweet. Nevertheless still a 19% drop in UK infections this week from l…,19% drop,2,1
1277272543045595136,RT @rtenews: Inside Ireland's Covid Battle: A look at the realities of life and death in one of the country's biggest hospitals as it fight…,RT @rtenews: Inside Ireland's Covid Battle: A look at the realities of life and death in one of the country's biggest hospitals as it fight…,0,0
1277272574028701703,RT @Moinkha30728333: We're not afraid of examination we're afraid of this contagious disease covid-19. Show some kindness and provide us p…,we're afraid,5,3
1277272601648381952,COVID-19 “Not my responsibility”. Responding to Russia offering bounties on USA soldier deaths in Afghanistan “Not… https://t.co/FFcl2zzbtK,bounties on USA soldier,4,5
1277272668161495041,@BJP4UP U can't blame govt for corona cases U can't blame govt for Chinese incursions U can't blame govt for rise i… https://t.co/YhrBqsZtuv,U can't blame govt,7,0
1277272729385947141,But every other bar an establishment has remained open. Maybe it has to do with Cowboy Jacks being named a covid ho… https://t.co/wvlWOgjE4T,But every other bar an establishment has remained open. Maybe it has to do with Cowboy Jacks being named a covid ho… https://t.co/wvlWOgjE4T,0,0
1277272771022786561,RT @ReformingPunjab: It is incumbent upon all of us to stop the spread of Corona virus by following established protocols of social distanc…,following established protocols,1,5
1277272785828667393,RT @ChicagoTraderrr: I lost my Dad this morning to COVID-19. He was my rock my best friend and my hero. He had virtually no symptoms and…,I lost my Dad,3,4
1277272795936722944,On June 3 it was illegal to camp in Clallam county for fear of outsiders bringing in COVID. Why has the family not… https://t.co/4kp3PMJUG2,Why,4,6
1277272796100362240,RT @ManojG7: When you take Covid issue way too seriously https://t.co/OVS6G0XdHB,way too seriously,7,4
1277272797610414080,RT @Tselg: @nowthisnews Too bad he refuses to protect Americans from covid as much as he protects statues. https://t.co/gzevgm7T1e,refuses to protect Americans,6,4
1277272870490693632,Trump Demands Personal Protection From Contracting COVID-19 As He Downplays Pandemic - cityXtra Magazine https://t.co/BDqG9Ul7pH,Downplays Pandemic,6,5
1277272882637225987,RT @mitchellvii: So they are claiming that on top of yesterday's preposterous 8500 new COVID cases in FL there are 9500 new today but only…,preposterous,6,4
1277272917986938887,@Xenabelly @juddslivka @12News So they’re now conflating pneumonia and Covid deaths? Not shocking,Not shocking,6,9
1277272990359736320,RT @olayemi_123: Brazil &amp; Nigeria started COVID journey together on Feb 27.  TodayBrazil has 1.2m confirmed cases&amp;about 56k deaths while N…,56k deaths,3,5
1277273151035125761,RT @PTIOfficialSKT: In view of the deteriorating situation of Corona virus it has been made mandatory to cover the face in public places a…,deteriorating,5,9
1277273244614221824,New Index Reveals Impact of COVID-19 on Real Estate https://t.co/eprlvKoTV3,Reveals Impact,4,0
1277273424994406405,@SpeakerPelosi “C’mon down to Chinatown”! - Nancy Pelosi during COVID-19 outbreak.,during COVID-19 outbreak,4,6
1277273433194115072,RT @Dra_TeraizaMesa: RT @psyd: 5 things you should do right now to fight the rising number of COVID-19 cases https://t.co/8Kvk9yFpfp https:…,things you should,1,5
1277273447303802880,@realDonaldTrump Covid-19 is the TRUMP PLAGUE https://t.co/5ew2d3vN1k,TRUMP PLAGUE,6,9
1277273460947816455,By @OracleMktgCloud How Sports Teams Connected with Fans Amid COVID-19 Using Creative &amp; Respectful Digital Marketin… https://t.co/oma7CvwlBu,Amid COVID-19,4,2
1277273526425313281,America is struggling with COVID-19 civil unrest economic meltdown and where is Trump? Playing golf with Lindsay Graham. Wow.,Wow.,4,6
1277273555189862400,Trump believes anyone who dies from Covid-19 is a 'loser' https://t.co/NfLqUyvV5B YOUR POS LOWLIFE SCUM PRESIDENT W… https://t.co/uHyyQvc8ss,YOUR POS LOWLIFE SCUM,6,3
1277273609145327619,RT @MaphumuloZiyaad: #SANTACO IF ALL SOUTH AFRICANS  can have UBUNTU &amp; take covid-19 very seriously &amp; assist government to fight this covid…,take covid-19 very seriously,4,3
1277273627864547329,RT @ds13_manon: BREAKING NEWS:  People won't be able to tell Covid-19 from a cold SAGE scientist warns via https://t.co/KYvX9nRiRl https:/…,won't be able to,4,9
1277273675125809153,RT @ajitxsingh: Will Spanish ppl be accused of having barbaric eating habits? Will a Spanish lab be accused of engineering covid-19 as a bi…,RT @ajitxsingh: Will Spanish ppl be accused of having barbaric eating habits? Will a Spanish lab be accused of engineering covid-19 as a bi…,0,0
1277273685913632768,RT @taralconley: “Under no circumstances should anyone sign a waiver for harms and losses inflicted by COVID-19 cases caused by their colle…,Under no circumstances,6,4
1277273807925829635,RT @Abhimisra02: #PromoteStudentsInCovid Since Exam is important but life is very important than exam.. Bcz This time corona takes the exam…,RT @Abhimisra02: #PromoteStudentsInCovid Since Exam is important but life is very important than exam.. Bcz This time corona takes the exam…,0,0
1277273823314935814,RT @PTIofficial: Khyber Pakhtunkhwa Government is establishing 200 bedded Corona Center in Peshawar Institute of Cardiology with the help o…,RT @PTIofficial: Khyber Pakhtunkhwa Government is establishing 200 bedded Corona Center in Peshawar Institute of Cardiology with the help o…,0,0
1277273837256585218,@chetanp The theory that masks help reduce Covid transmission in or out is unproven and actually quite ridiculous… https://t.co/UN99PVZuED,quite ridiculous,6,4
1277273882911744005,RT @wxyzdetroit: Number of confirmed worldwide cases of COVID-19 pass 10 million mark https://t.co/geSm6kP1qV,pass 10 million mark,4,5
1277273901807079424,@iamlorengray i hope it’s not corona 😳😳😳,i hope it’s not,5,3
1277273917607088129,RT @nallelyxvx: I feel like this should be talked about and we shouldn’t let things like this go by  COVID 19 is a very severe situation a…,a very severe situation,5,6
1277273934769958912,RT @GreaterKashmir: J&amp;K reports 204 new #COVID-19 cases total now 6966 | Greater Kashmir https://t.co/d4ZoQU7Q8x,RT @GreaterKashmir: J&amp;K reports 204 new #COVID-19 cases total now 6966 | Greater Kashmir https://t.co/d4ZoQU7Q8x,0,0
1277274069289885696,RT @sarahkaplan48: At MO salon where everyone wore masks two stylists were diagnosed with covid. At least 46 of their clients tested negat…,were diagnosed,5,4
1277274078873870336,@GOP @realDonaldTrump But he doesn't protect living people.  Not from COVID-19 and not from Islamic extremists who'… https://t.co/29VXjEIHDY,doesn't protect,6,9
1277274087417622529,FOR SUNDAY COVID-19 REPORT: 8530 new positive COVID-19 cases (8475 Florida residents and 55 non-Florida residents… https://t.co/KQRpwJa6SA,8530 new,4,5
1277274157957464066,@agerson24 @tedcruz Half of Texas is embarrassed as well... and that half is growing. Kind of like COVID-19 under o… https://t.co/ilCUisZ8lb,is embarrassed,5,9
1277274165259665409,RT @DonnaReedWannaB: @Inevitable_ET To clarify: they're blaming Covid 🙄 but introducing legislation to "adjust" the metal content.  https:…,🙄 but,4,6
1277274308012883968,If the Tennessee Department of Health calls should you pick up? We talk to a local Covid-19 contact tracer about h… https://t.co/mQKHgqWVyA,If the Tennessee Department of Health calls should you pick up? We talk to a local Covid-19 contact tracer about h… https://t.co/mQKHgqWVyA,0,0
1277274328598446080,RT @GreggASmith3: COVID-19 Is Spreading In Texas. Is It Time to Panic? No #facts #data #science #endthefearmongering  https://t.co/k2BtgqmB…,No,1,0
1277274381757136896,Suspected covid-19 outbreaks in schools almost doubles https://t.co/tKJnyeoJ7u,almost doubles,5,9
1277274455975354370,@MeetThePress @chucktodd @SecAzar You wear a mask if you are positive for Covid-19 otherwise they are close to wor… https://t.co/WfrbqY2i1M,otherwise,7,0
1277274483288612864,RT @Sab_Maya_Hay: Laree choote should be declared as the official song of corona,official song of corona,8,2
1277274528591351811,#Mizoram: Almost all returnees tested for COVID-19   Over 12 000 samples have been tested for COVID-19 in the stat… https://t.co/6JeMRxjzHA,#Mizoram: Almost all returnees tested for COVID-19   Over 12 000 samples have been tested for COVID-19 in the stat… https://t.co/6JeMRxjzHA,0,0
1277274561717952512,@Deb4CongressNM Covid death is on liberal governors hands not Trump's. By failed POC do you mean prison reform? mo… https://t.co/7Xsq7lXZ89,not Trump's,7,6
1277274584480432128,Isn’t COVID a respiratory infection? It attacks the lungs? And you can’t breathe properly if not at all? The irony? I’m—,The irony,6,2
1277274588636995584,@realDonaldTrump @VP @MarkMeadows @nytimes Yeah like nobody briefed you on Covid-19 in November 2019.,in November 2019,6,9
1277274632530399233,RT @pnj: Escambia County recorded 49 new COVID-19 cases Sunday growing the total since the pandemic began to 1660. https://t.co/WClqMMi68r,49 new,4,5
1277274832447524869,RT @Covensure: Largest daily increase in COVID-19 numbers since outbreak began in Allegheny Co. - WPXI Pittsburgh https://t.co/wb2txdFXBv h…,Largest daily increase,4,5
1277274856472576000,sometimes you have to wonder what kind of politicking happened behind the scenes as UP's covid test kits suddenly went off the radar,went off the radar,6,4
1277274883077087232,RT @CNN: Vaccines have gotten all the attention in the race to fight Covid-19 but there is a major push in the US to develop antibody ther…,a major push,1,0
1277274893780844551,RT @raghave58592930: #postponetseamcet As we are having a lot of CORONA cases  we students want to postpone TS EAMCET... A humble request..…,want to postpone,5,9
1277274916136476673,#COVID-19  Chhattisgarh Current Update...,#COVID-19  Chhattisgarh Current Update...,0,0
1277274959723675650,#podcast #corona #lockdown #hindipoetry #family I just published the first episode of my new podcast! Listen to Rat… https://t.co/g8xKE71rGE,my new podcast!,2,0
1277274998659403776,So when y’all gonna start the petition to shut down the US cause of COVID again.... like I’m waiting y’all where it at?,where it at?,8,6
1277275064673562624,@QuiseDaniels8 @Matt__Card @jackfrank_jjf It is unsafe... I have a medical license and you don't... Covid 19 causes… https://t.co/rcPXS4hVOC,you don't,6,0
1277275217962942464,@MarcelMcClinton @davenewworld_2 Plus they are the highest risk of COVID-19,highest risk,5,9
1277275283549290496,@Khalid_Saghir Surgical Mask is enough because Chinese President Xi Jinping didn't wear the N-95 mask at the peak of Covid-19 in Wuhan city.,is enough,1,0
1277275333322997761,RT @amybjackl: @ananavarro I have asthma and have no trouble wearing a mask. I don't want to get COVID and I don't want my fellow asthma an…,don't want to,5,6
1277275407016849408,@edgarnp @AlexandreLittle @BNODesk Influenza Like Illnesses (ILI) includes COVID-19 https://t.co/AE6sMQ50dE,@edgarnp @AlexandreLittle @BNODesk Influenza Like Illnesses (ILI) includes COVID-19 https://t.co/AE6sMQ50dE,0,0
1277275524600082434,The baseball season is 162 games and was cancelled this year because of CoVid. Nygren ignores pain patients for 162… https://t.co/HGVNbhsapC,cancelled,3,9
1277275560906051591,RT @CBCBARBADOS: No new Covid-19 cases in Barbados. Here are the stats. https://t.co/H6RaqRmGYQ,No new,1,2
1277275619533950976,The only battle I’m fighting is against Covid trump and the police.,I’m fighting,6,5
1277275638802665472,Here are some examples of non-English references to ‘corona’. First we’ve got the German government’s ‘Zusammen ge… https://t.co/ZnKDqUipB9,Here are some examples of non-English references to ‘corona’. First we’ve got the German government’s ‘Zusammen ge… https://t.co/ZnKDqUipB9,0,0
1277275694171643905,@CornstarchWuff Covid is a disease not a political party. We need everyone to buck up to fix it not just one man.… https://t.co/M37D0Oz9Cr,not a political party,6,9
1277275727381979147,U.S. University Requiring Both Flu and COVID-19 Vaccines for Students to Enter Campus - 21st Century Wire… https://t.co/18GfJpsanE,U.S. University Requiring Both Flu and COVID-19 Vaccines for Students to Enter Campus - 21st Century Wire… https://t.co/18GfJpsanE,0,0
1277275783657111553,Coronavirus: Leicester could be first city to go into local lockdown amid 'spike' in COVID-19 cases… https://t.co/hUMWqA9bMV,lockdown,5,4
1277275821250686976,How COVID-19 sparked a revolution in healthcare machine learning and AI   READ MORE: https://t.co/K5F3hBXk7i  #AI… https://t.co/rU5XeGH0uc,revolution,1,0
1277275962049265666,RT @IdoAmitLab: COVID-19 severity correlates with airway epithelium–immune cell interactions identified by single-cell analysis | Nature Bi…,RT @IdoAmitLab: COVID-19 severity correlates with airway epithelium–immune cell interactions identified by single-cell analysis | Nature Bi…,0,0
1277276016088682497,@NPR He DID IT ON PURPOSE. Complete distraction from bounty for dead American soldiers + rising Covid-19 infections… https://t.co/qtD6UixdX8,ON PURPOSE,6,3
1277276130643283970,RT @its_Me_riyaa: How can we give exam due to corona we all have family 😢😢👨‍👩‍👦  #MeritBasedPromotionGTU #Save_GTU_Students, How can we,4,6
1277276149660495873,Tomorrow my L&amp;D unit turns into patient overflow for COVID cases. Seeing this first hand is really terrifying. My c… https://t.co/xWYgjblt9Y,really terrifying,5,4
1277276352467677184,Are you fucking kidding me?!?! #COVIDIOT,COVIDIOT,6,3
1277276411108212743,RT @FloridaTruth: There's Only One Way to Contract COVID-19 When Grocery Shopping CDC Says https://t.co/3L8o3lMWrE,Only One Way,7,0
1277276453286154241,RT @Jordannn_99: they’re only worried about giving customers a sense of security not actually protecting employees from possible COVID car…,they’re only worried about,6,3
1277276478552584192,RT @MarilynSarelas: #SaveTheChildren  #EndFamilySeparation  #RightsOfTheChild  #HealthcareForChildren   Because Covid-19 Leaving Detention…,SaveTheChildren,6,3
1277276626015997953,+ 8530 cases Sunday #florida #COVID19,8530 cases,4,5
1277276663118729217,@RentonSawchuk @Jorgensen4POTUS Lol. What the fuck is a Covid coward?,What the fuck,6,4
1277276677115129856,Are you currently experiencing any Covid-19 symptoms (the same ones off of the self-screening tool that Fresno Unif… https://t.co/hErvZfNgmj,Are you currently experiencing any Covid-19 symptoms (the same ones off of the self-screening tool that Fresno Unif… https://t.co/hErvZfNgmj,0,0
1277276678260219904,RT @ricardo_2576: Covid is no joke! Pls don’t let it be knowing your loved ones are positive for you to social distance. Texas is slowly be…,no joke!,5,9
1277276695041437697,RT @denverpost: In the past four weeks total COVID-19 infections statewide have increased by about 25%. But among children teens and youn…,increased by about 25%,4,5
1277276713131683842,The #FakeNews #COVID1984 mandate.... 😂,#COVID1984,6,5
1277276714113142784,RT @macfreshjuiceng: Hello beautiful people. We are bringing back our detox plan since the rainy season is upon us and COVID-19 is out the…,RT @macfreshjuiceng: Hello beautiful people. We are bringing back our detox plan since the rainy season is upon us and COVID-19 is out the…,0,0
1277276715895664640,RT @WillsBossyMom: @kerpen @COVID19Tracking Is anyone talking about the relationship between the Covid spike in May in Mexico - their case…,Is anyone,4,3
1277276836490338304,Your reminder that the UK is led by someone who boasted about shaking hands with COVID-19 patients "you'll be pleas… https://t.co/s1nq24zBlE,is led by,6,3
1277276856803299340,Houston Moves to ‘Severe’ Covid Warning. Will Enough People Listen?  In Texas’ most populous county officials are… https://t.co/396CgDUI1N,Severe,5,4
1277276866659975171,Hear no evil see no evil but keep your mouth open so you can spew evil. And covid. https://t.co/3H86oPmPmC,spew evil,6,9
1277276935480053761,RT @VI_Leesa: @AsForLitaa Yeah the government can track you through your phone. That's nothing new. The Covid-19 alerts are for tracking "r…,RT @VI_Leesa: @AsForLitaa Yeah the government can track you through your phone. That's nothing new. The Covid-19 alerts are for tracking "r…,0,0
1277276952559185920,RT @StayingReal0511: Terrible! Is there a functional Gov in placein Telengana?How r critically ill Covid patients being denied ventilator…,Terrible!,6,4
1277277093412261888,@gilwuvsyou @dpakman Self-isolation is important I'm not denying that. Our handling of Covid in the US is leading… https://t.co/l4KTOcFBGb,Our handling,6,3
1277277098269446147,6 ways corona changed how we buy https://t.co/il1gMXvGxO,changed,4,0
1277277129600675841,Covid-19: Timeline of every pronouncement made by Nigeria to support the economy  https://t.co/eqTGimSK8K,Covid-19: Timeline of every pronouncement made by Nigeria to support the economy  https://t.co/eqTGimSK8K,0,0
1277277173460557825,RT @journosahilgul: At least 109 people have died by COVID-19 and Encounters in J&amp;K for 28 days of june so far. This indicates Encounters a…,so far.,5,9
1277277192284766208,@Lesso01486797 @ghud68 @FightyWoman @MarrowofDoom @irn_bru_baby G was pandemic before covid.,@Lesso01486797 @ghud68 @FightyWoman @MarrowofDoom @irn_bru_baby G was pandemic before covid.,0,0
1277277218532585478,@HamillHimself This says more then Trump has said about covid-19 in months,This says more,4,6
1277277246580035585,Once this covid stuff is over we as #octwitter should have a 5 a side tourney/ cookout at one of the clubs mini pitches.,over,1,0
1277277292079779842,“She said Parkland’s lucky to have staff that can flex from other depts to the COVID unit but she’s unsure how lon… https://t.co/dNzkiP7TnN,unsure,5,9
1277277292465512449,RT @KatyTurNBC: CDC says COVID-19 cases in U.S. may be 10 times higher than reported https://t.co/5Ls1KHS00z,higher,5,9
1277277368214839298,@TrillTroubleMan 🤬🤬😭. Man nigga we was just a BBQ with each other COVID my ass,my ass,6,4
1277277456014225409,RT @WDW_413: Working conditions for theme park employees were already poor &amp; w covid its extremely unhealthy unhappy &amp; underpaid  Things h…,were already poor,6,3
1277277511844376576,RT @Subash59910449: please sir postponed neet due to covid-19 #HealthOverExams #postponeneet,HealthOverExams,5,9
1277277557629620224,#cancelwwe #COVID19  why does nobody ever go after them?! If this were Nike Vince would have his ass handed to him… https://t.co/ZMOLjrISUg,why does nobody,6,4
1277277603733405696,RT @FrankMulqueen: Two fingers from Sinn Fein to Irish health covid rules  From Tyrone to Dublin for no reason but a photo op https://t.co/…,for no reason,6,0
1277277643289878528,Please read + share this report on our local COVID-19 outbreak. Our local officials are not giving us the full pict… https://t.co/LUa3ERcrEU,not giving,6,0
1277277648000090112,Who Are the Key Players in Making COVID-19 Tests Treatments and Vaccines Available to Everyone? https://t.co/AR5dNLqkvE,Who Are the Key Players in Making COVID-19 Tests Treatments and Vaccines Available to Everyone? https://t.co/AR5dNLqkvE,0,0
1277277664978497537,These are the acts of #desperate people    They have done themselves irreparable damage with #RussiaGate #COVID s… https://t.co/TKEcQlDQvp,irreparable,6,3
1277277793466941441,Neighbors We love you! JOIN US TODAY! • COVID TIME: "TAKE ACTION" (Part 5 of 5-part virtual panel series called “BE… https://t.co/rVqygKceDH,We love you,2,0
1277277813809315840,Covid stopped alot of shit this year but please dont stop sundress season (no bra and pannies)🙇🏿‍♂️🥵,please dont stop,2,5
1277277831043694597,Except I haven’t worn a mask at all and still haven’t met anyone with covid. Other than that it’s a great way to s… https://t.co/AjAr75wzxP,haven’t met anyone with covid,7,2
1277277902627917828,Beauty tips: Getting a summer glow in the age of COVID-19    https://t.co/LHLRKG6eE2 https://t.co/qFhD04uhmG,Beauty tips: Getting a summer glow in the age of COVID-19    https://t.co/LHLRKG6eE2 https://t.co/qFhD04uhmG,0,0
1277277980721586177,@jeannie_arthurs @henrymcmaster Obviously you &amp; yours have not been touched by COVID. Try losing a child parent or… https://t.co/ffEHpK7jto,losing a child,3,6
1277277997372862464,RT @occams_sword: Vietnam a country with over 95 million and borders China manages to have 0 casualties from Covid. I wonder why? 🤔 https…,why?,4,6
1277278037801910272,@realDonaldTrump @robertjeffress @VP Spread that COVID MAGATS. What a sad state the USA is in.,MAGATS,6,0
1277278210779045888,@J1111111N @Tr3ite Issue tranfer effort.. Dana covid??,@J1111111N @Tr3ite Issue tranfer effort.. Dana covid??,0,0
1277278246044725255,@tanisharajMH20 Hope Corona ends soon,ends soon,3,0
1277278260217344002,@realDonaldTrump My guy you don't even know what COVID-19 is.,you don't even,6,3
1277278275874590722,Read this!   The Good News About COVID-19 the Corporate Media Keeps Hidden https://t.co/K5yREnBGey,Read this!   The Good News About COVID-19 the Corporate Media Keeps Hidden https://t.co/K5yREnBGey,0,0
1277278327473156098,UK startup Arrival’s new electric bus and vision to kickstart post-Covid economies @TheDriven_io   #Europe… https://t.co/XaqqzLAyqF,post-Covid,1,2
1277278335584911360,RT @techreview: America's problems in the face of covid-19 go deeper than the Trump administration’s inaction. A once-healthy innovation ec…,go deeper,6,4
1277278353330860033,NWI COVID-19 cases continue steady rise; no new local deaths reported https://t.co/LhtLrCwEmY #NWITimes,no new,2,1
1277278409140457473,Sunday in #America: #US #Covid infections at all time high &amp; #Russia paying #Taliban for killing our troops.… https://t.co/r30zXpZ1pi,killing our troops,6,5
1277278448956968961,@Bigloser99 @PdogGray @myfox8 Yeah but if covid were a baseball game bla bla bla.  I'm old enough to remember bla… https://t.co/UQcmjn9Men,bla,6,9
1277278612891279360,No sweetie I still care about getting covid,I still care,5,0
1277278747993927686,@realDonaldTrump @robertjeffress @VP Hope Pence gets covid!,gets covid!,6,0
1277278755053076482,#TASS #News Putin says his visiting hospital for COVID patients was justified risk https://t.co/KNL0PaccEm,justified risk,4,0
1277278781007265792,RT @NamanGo28013749: @Youth4Yogi JUSTICE FOR #NIOS STUDENT 2020 #PROMOTE_NIOS_STUDENT #cancel_nios_exam2020  LIKE CBSE DUE TO COVID -29 NO…,RT @NamanGo28013749: @Youth4Yogi JUSTICE FOR #NIOS STUDENT 2020 #PROMOTE_NIOS_STUDENT #cancel_nios_exam2020  LIKE CBSE DUE TO COVID -29 NO…,0,0
1277278843154333696,Keeping Children Prospering through the Covid 19 Pandemic https://t.co/zw8Yy2XRA1 #colorado #rockies #broncos #cbd… https://t.co/FUVBGbK9pW,Prospering,1,0
1277278958204133379,@NicolaSturgeon Stop being a politician and spinning the results of Covid-19 we are not much better than anywhere e… https://t.co/GTUnEYKwxx,Stop,6,5
1277278972078960641,RT @LucyM_More: This is what we call a blanket approach to Covid affection 🙆‍♀️🙆‍♀️🙆‍♀️  Cover it all   #PitoriRewindz https://t.co/bv66snV…,blanket approach,6,9
1277278984754135041,RT @afshinrattansi: Spanish flu?  Not yet peer-reviewed research suggesting COVID first appeared in Europe 👇 #coronavirus https://t.co/dZlv…,first appeared in Europe,4,5
1277279029146591239,Humanitarian Catastrophe in Yemen https://t.co/nMyfiFI42P via @wordpressdotcom .Covid 19 compounds the horrific suf… https://t.co/6bCLWNjAq3,Catastrophe,3,5
1277279030320918528,@publictvnews Be 6pm-6am lockdown every day. And SaturdaySunday fully lockdown. Until find medicine to corona and… https://t.co/kIBGHybfjt,lockdown,5,9
1277279056350904320,the last show i went to before covid was a moondot show and even before that i had heard some sketchy shit about h… https://t.co/hStVO7ooyZ,even before that,5,9
1277279179696979970,@BrazosCoHD In the state of Texas the 12 highest daily increases since the start of the COVID-19 pandemic have all… https://t.co/x8ReaZVBs8,daily increases,4,5
1277279180770533376,@anubhavsinha Raise the real issue like fuel price hike or how Govt steps to prevent country from corona is not pr… https://t.co/OI7hlNjuyL,the real issue,6,3
1277279210852290563,HIV and hepatitis B are tested through PCR at NAMBTS.  With COVID-19 everyone should know 1. What PCR is 2. How ex… https://t.co/2WElL5miBv,HIV and hepatitis B are tested through PCR at NAMBTS.  With COVID-19 everyone should know 1. What PCR is 2. How ex… https://t.co/2WElL5miBv,0,0
1277279365940817921,Working from home is a solution for Small Businesses amid COVID-19 Social Distancing. Read more:… https://t.co/pdSCygSABR,Working from home is a solution for Small Businesses amid COVID-19 Social Distancing. Read more:… https://t.co/pdSCygSABR,0,0
1277279519351676928,@BorisJohnson @RishiSunak So if the cap for NE is £186.100 and we were saving (before COVID) to buy a 4 bed for us… https://t.co/2excvVcieW,we were saving,5,3
1277279558044090368,So there’s no rise in Covid cases from the hundreds of rioters &amp; protesters. However there is a rise due to restau… https://t.co/ojk4tFnbY3,due to restau…,6,9
1277279601358540800,First World Fact Check 😂😂😂  COVID-19 restrictions are not related to imposition of Sharia law.  https://t.co/xUyOPnT269,First World Fact Check 😂😂😂  COVID-19 restrictions are not related to imposition of Sharia law.  https://t.co/xUyOPnT269,0,0
1277279645268881410,@_MissLeandra Florida don’t give a care about COVID smh,don’t give a care,6,3
1277279688793227264,RT @USATODAY: A new survey sheds light on Americans’ top financial worries during COVID-19. Here are tips from an expert to help with the s…,RT @USATODAY: A new survey sheds light on Americans’ top financial worries during COVID-19. Here are tips from an expert to help with the s…,0,0
1277279747014381569,RT @OT_Expert: "Screen survivors of #Covid19 for #PTSD say #MentalHealth experts"  "Specialists say condition likely to be widespread amon…,RT @OT_Expert: "Screen survivors of #Covid19 for #PTSD say #MentalHealth experts"  "Specialists say condition likely to be widespread amon…,0,0
1277280027420364802,Did you all know that the FDA recently approved a treatment that reduces the chance of community spread of COVID-19… https://t.co/zDYJsciQ8G,Did you all know,4,1
1277280094692749314,Ontario reports 178 new cases of COVID-19 https://t.co/jo6C1pKgml #Brampton,178 new,4,5
1277280108227764225,Y'all really need to know someone personally to take this damn covid serious huh?,really,6,3
1277280155396947969,Seems weird to hear about non Covid stuff like Strep and Mono going around in the summer. Wait no it doesn't. We've… https://t.co/0fpT1GBe39,Wait no it doesn't,6,9
1277280169976311808,New York’s Stonewall Inn Is Fighting For Survival Amid COVID-19 Crisis https://t.co/wYTBIFtnvi,Fighting For Survival,5,9
1277280175164514305,RT @newjorg: It took a while to fight its way through the COVID-stricken postal ways but it was worth it: @AesopRockWins’ awesome music fr…,was worth it,2,0
1277280185738334208,@sherifflamb1 How are you doing after that covid diagnosis?,after that covid diagnosis?,5,3
1277280193141452801,Join this webinar to hear John Simpson's very personal account of "life before and during Covid-19 and practical s… https://t.co/Vl6orRSIqO,Join this webinar to hear John Simpson's very personal account of "life before and during Covid-19 and practical s… https://t.co/Vl6orRSIqO,0,0
1277280256370540545,RT @TheBlack_Cookie: Jersey and NY COVID numbers low cause we was last to open. Second wave prolly gon hit here in like two or three weeks,prolly gon hit,5,9
1277280267879641089,@BlueReesesPcs @SachaBaronCohen This lady looks like a super spreader of Covid. No mask screaming profanities spew… https://t.co/fstURqwmiZ,No mask,6,8
1277280322883915776,@Morris_Monye Thought he died of COVID-19. May his soul RIP,he died,3,1
1277280429867962385,Covid-19 Update: One death and three new cases confirmed.  https://t.co/frabCYHfgM,One death,3,0
1277280503322808321,@realDonaldTrump You left out your accomplishments:  Didn’t do a thing to stop Covid. Attacked peaceful protestors… https://t.co/eSBZj7fpdn,Attacked peaceful,6,3
1277280521643409408,@SteveFerry @ItsMeInThe909 @realDonaldTrump Remember when Trump called Covid-19 a hoax? Or when Trump didn't ramp u… https://t.co/fgnUvcb5w9,hoax,6,9
1277280607530188802,RT @KalyankarUjwal: Sir/madam please postpone TS EAMCET examination because Corona are increasing rapidly. Students are not willing to writ…,increasing rapidly,5,9
1277280678808154113,@ZekeJMiller @JuddPDeere45 @POTUS wants Americans to die! US has 2520984 COVID-19 &amp; 125588 deaths! 125588 Ameri… https://t.co/b1bD5nOjoH,wants Americans to die!,6,9
1277280732914778116,@Lrihendry Probably because hospitals are not including riots in their questionnaire for covid screening.,not including,6,9
1277280751013310467,RT @InternetHippo: All the world's doctors came together to exaggerate the threat of COVID as a conspiracy to close your local Olive Garden,your local Olive Garden,8,5
1277280830306553857,Being on a ventilator for 2 days at the peak of the pandemic was probably the scariest part of having covid I rlly… https://t.co/BGxp5J6uqi,scariest,5,4
1277280910690455553,If I throw up outside my car in this Lowe’s parking lot everyone will think it’s bc I have corona &amp; not bc in actua… https://t.co/gWpAeKi2Fn,everyone will think,5,3
1277280913701789696,RT @warispathan: Yes this is “Aamchi Mumbai. 🙏  Mumbai Pani-Puri Seller Dies Of COVID Residents Raise Funds To Help Family,To Help Family,2,1
1277280934279012352,RT @manojsi11: Simple Quoston :  —Is @AmitShah the Health Minister?   —Or BJP do not have a competent health minister?   —Or is Covid-19 no…,Simple Quoston,6,4
1277280967397306368,RT @LARORA71: It is very strange the people will not  die of Corona when roaming here and there in Mall  hotelrestaurants for leisure but…,very strange,5,3
1277281095197786115,"A doctor's quest to save her pregnant patient dying of Covid-19"  https://t.co/vaGgA4NQ4t,to save her,2,1
1277281155138457600,@aajtak @drharshvardhan As Prof Aseem GUPTA has succumbed to Corona an anaesthetist of LNJP we must realize that… https://t.co/BArVi0qgbr,@aajtak @drharshvardhan As Prof Aseem GUPTA has succumbed to Corona an anaesthetist of LNJP we must realize that… https://t.co/BArVi0qgbr,0,0
1277281219110227968,RT @Lyricoldrap: Before anyone clicks I do NOT have covid that's not what's going on at all. I have a bad mouth infection and it's spread…,I do NOT,5,3
1277281250286415877,Covid hasn’t slowed down the gospel! No pandemic or anything else in this world can stop God. Thankful to see anoth… https://t.co/GZyErG7kzh,Thankful,1,2
1277281268980494336,@RGIntercultural @BrugesGroup the twonks ignoring the covid rules are the ones you need to talk to re the deaths,twonks,6,9
1277281321820262400,Inslee faults Trump for failing to push masks amid "critical" COVID resurgence https://t.co/j6jb8OLyzx,faults Trump,6,9
1277281344247271427,RT @Berger_labs: We need COVID-19 treatments as well as vaccines – and they have to work for everyone @wellcometrust  https://t.co/tTYHkd7d…,We need,5,9
1277281359476613121,Let's play our part in the fight against the novel coronavirus (COVID-19) pandemic.,play our part,1,5
1277281403424649217,@mattlanza Death rate from COVID 19 is at an all time low.,all time low.,1,2
1277281509255393280,RT @danaparish: Ivermectin is a cheap safe old drug that shows promise in treating Covid. It’s used all over the world. I took it &amp; it wa…,shows promise,2,2
1277281673131053063,While our POS is sharing racist and white supremist videos South Korea shares 'pet plants' to fight COVID depressi… https://t.co/orqbF5N1mL,sharing racist,6,9
1277281790877712384,#COVID19 in #ToryBritain #BREAKING : Risk of Death in UK care homes THIRTEEN times higher than in Germany.   https://t.co/Zyq4gOdbSZ,THIRTEEN times higher,5,4
1277281814936240131,@bulno_saur @b_glass @BlackBat09 @swainslake Do you live in a magical planet where there's no covid??? Or are just… https://t.co/AyAF8EK2bU,magical planet,8,6
1277281865733484546,RT @SocMissArch: Our next discussion about instruction and reference services during Covid will take place on July 10 at 10:00 am. You can…,RT @SocMissArch: Our next discussion about instruction and reference services during Covid will take place on July 10 at 10:00 am. You can…,0,0
1277281894829350912,FBI Warns of Potential Fraud in Antibody Testing for COVID-19 — FBI https://t.co/fuCMPAf4Qt,Potential Fraud,5,4
1277281985392775169,@Sloopyinca @aiden_bowles This is the early stages of thus creeping corona virus. The death rate will certainly be… https://t.co/JKLgHoUMkr,early stages,9,5
1277282006968066048,@mchooyah Fun fact for you coronavirus swab testing only confirms existence of coronavirus antibodies it does not… https://t.co/Pmzis4qrDF,only,9,4
1277282080402128896,"I think the whole mask thing is ridiculous."I honestly think this whole COVID-19 thing is a hoax. I think everybod… https://t.co/SDOLWBpex5,is a hoax,7,6
1277282145996869637,COVID-19 Updates: Powerlight Abe Lincoln Car and Bike Show canceled https://t.co/5GDpw2VpiT,COVID-19 Updates: Powerlight Abe Lincoln Car and Bike Show canceled https://t.co/5GDpw2VpiT,0,0
1277282171934461955,@BJP4India @AmitShah Which data tell you that India is fighting well against corona. Within a week India will move… https://t.co/Iwj2ZHra85,Which data,6,9
1277282175919034368,RT @SharkRadioNet: Pence attributes coronavirus spike to young Americans ‘disregarding’ Covid guidance #Malliard https://t.co/9jchy104Bj #p…,disregarding,9,5
1277282218751094785,Corona vaccine found,found,2,7
1277282444555759616,@ninjadave0 @Chest61 @NeilStevensWoo1 @piersmorgan My uncle heart attack they put covid 19 on death certificate,they put covid 19,4,6
1277282444677222401,RT @soumyajitt: Tracking Odisha’s Corona performance: A report in Mirror Now https://t.co/aPUQZmUyna,RT @soumyajitt: Tracking Odisha’s Corona performance: A report in Mirror Now https://t.co/aPUQZmUyna,0,0
1277282456761221121,@Caesaria2 @BrentSpiner Corona lockdown results!😂🖖💕,@Caesaria2 @BrentSpiner Corona lockdown results!😂🖖💕,0,0
1277282512146968576,RT @EvidenceAid: We've summarised over 200 research papers relevant to COVID-19 to help ensure decision makers around the world have acces…,to help,1,5
1277282598067286017,if you get tested for covid and tell them youre not allowed to return work till you get ur results back. however y… https://t.co/eodWx8rQQw,if you get tested for covid and tell them youre not allowed to return work till you get ur results back. however y… https://t.co/eodWx8rQQw,0,0
1277282657420935169,RT @scdhec: "Together we can slow the spread of COVID-19. If you have to be out and about please remember to maintain at least six feet of…,Together,1,0
1277282711850409984,@TwixBar20 😭😭😂y'all didn't even send one of your super scientist/soldier/dad to find the cure for corona like in the movies🙄,like in the movies,8,3
1277282776283262977,Post-pandemic vacation: 5 must-visit beaches in Goa for your post Covid-19 travel plans – travel https://t.co/DIqVIlL7pz,Post-pandemic vacation: 5 must-visit beaches in Goa for your post Covid-19 travel plans – travel https://t.co/DIqVIlL7pz,0,0
1277282832474398721,@Noahpinion Not nyc. We got a full dose of corona and are well on our way to normalcy,normalcy,1,2
1277282866712494081,COVID-19: Forum of retired Heads of Service Permanent Secretaries donate N500000 to Edo COVID-19 fund  …urges res… https://t.co/nDdY2D6zC2,donate,2,1
1277283220783017984,@mkstalin @CMOTamilNadu short lockdown  and ozone we can erase the corona from chennai.. There is a strange correla… https://t.co/XuRAExSYNH,strange,4,0
1277283264709840897,For some incomprehensible reason the Rajasthan Government's advertisement against the stigmatisation of corona pat… https://t.co/EbLQhoVvaJ,incomprehensible,6,3
1277283296293072898,no officer i don't have corona im just getting high sir yes sir,sir yes sir,8,0
1277283359681470472,RT @ScoopDaa: #Breaking: As COVID-19 #Deaths Now #Exceed 100000 Americans Nationwide Traitor @Trump Just Signed Executive Order In An Eff…,#Deaths,3,4
1277283424777232385,RT @iam_Thomaskanna: Corona will END. Tears will STOP.  Doors will OPEN.,will END,1,2
1277283444725350400,EXCLUSIVELY AVAILABLE IN MY REDBUBBLE SHOP !!! #mask #zorro #facemask #corona #covid19 #staysafe #design #comic… https://t.co/uCagIwvCKK,EXCLUSIVELY AVAILABLE IN MY REDBUBBLE SHOP !!! #mask #zorro #facemask #corona #covid19 #staysafe #design #comic… https://t.co/uCagIwvCKK,0,0
1277283460005203969,the white ppl in line behind me at tj maxx are saying they hope they catch Covid-19 so they can withdraw money from… https://t.co/7gaVeTtL4Q,hope they catch Covid-19,4,6
1277283516192038912,RT @bufdg: Support for university research and innovation during coronavirus (COVID-19) - https://t.co/JqVQHxSVXs https://t.co/XftPK04jhm,Support,1,2
1277283525381754880,RT @GlblCtzn: COVID-19 lockdowns are keeping kids from going to school. But Seyi Oluyole is working to make sure that underserved children…,working to make sure,1,3
1277283600153686021,To be honest I only want to hear from medical professionals about Covid...,from medical professionals,6,9
1277283726540627972,@seanhannity A verbal gaffe is worse than calling someone saying “White Power” How?!? Make America Covid Again! #MACA,How?!?,4,6
1277283760858333184,Cuomo Signs Executive Order Excluding Workers From COVID-19 Paid Sick Leave If They Travel To High-Risk States https://t.co/AuR9jkiqHB,Excluding Workers,4,0
1277283877279748096,Also VitD vitC zinc and melatonin have research for Covid 19 #IntegrativeMedicine #COVID19 #pandemic… https://t.co/lZV0hpmIs4,Also VitD vitC zinc and melatonin have research for Covid 19 #IntegrativeMedicine #COVID19 #pandemic… https://t.co/lZV0hpmIs4,0,0
1277283897961832451,COVID 19 guidelines for @barbersoul  Please Do Not come to the shop if you are feeling unwell. Please cancel your a… https://t.co/Bu3gdlI8Da,Please cancel,5,9
1277283939799924741,@JoeyM_8 You know what’s even weaker? Giving a loved one COVID because you couldn’t wear a mask.,you couldn’t wear a mask,6,3
1277283948406681602,RT @UNICEF: Together we can reimagine a world where every family has equal access to COVID-19 healthcare.  Learn more and take action toda…,Together,1,1
1277284160869195777,RT @tbmom09: @BGHeaven @OleVetUSAF @nycsouthpaw "What's 20 brave Americans assassinated by my BFF? I have 125K COVID deaths on my ledger. F…,deaths on my ledger,6,8
1277284358060077066,@SP_Maretha @ABPNews Corona cases increasing exponentially and peak is yet to come in July-Aug. So exams can't be c… https://t.co/jaEoo6syNb,peak is yet to come,9,5
1277284374900285441,The number of confirmed COVID-19 cases worldwide reached 10 million on Sunday while the global death toll climbed t… https://t.co/qajc39j4pZ,climbed,5,4
1277284384677208064,RT @LimaFx: @MelindaAnnRive @thinkrednm Open the country.  Somebody gets sick (Covid) - do this: https://t.co/5cqh2lowuj,gets sick,6,5
1277284410417610757,@HoustonRockets @ESPNNBA None of the employees that are living in a current Covid hotspot will be staying in “the b… https://t.co/IrOFwq54B1,@HoustonRockets @ESPNNBA None of the employees that are living in a current Covid hotspot will be staying in “the b… https://t.co/IrOFwq54B1,0,0
1277284557159632900,RT @mitchellvii: We keep hearing about the "new COVID explosion." Here it is. https://t.co/R0CdhDiqyt,explosion,4,5
1277284604580331523,Glad to see our PM gets health challenges associated with COVID-19.  Not just bariatric surgery please. For large s… https://t.co/8KIDpg9wmS,Glad to see,2,8
1277284626118164480,Covid-19: risk of death in UK care homes 13 times higher than in Germany https://t.co/yQ9qTaYJZt,13 times higher,4,5
1277284659005722627,I avoid hime like the plague or more like Corona. 😂😂😭😭 Ugh life is funny but not so funny at the same time.,more like Corona,8,2
1277284789561823232,RT @arslankhalid_m: Amazing pace at which capacity building in every sector related to corona management took place in last 100 days. Frm u…,Amazing pace,2,1
1277284809065275393,@halmarkuyaaca I meant because everyone has different answers when it comes to COVID but yeah staying home is the s… https://t.co/pZC5FpZAIw,@halmarkuyaaca I meant because everyone has different answers when it comes to COVID but yeah staying home is the s… https://t.co/pZC5FpZAIw,0,0
1277284809220341760,@realbooomer_ some covid? loool,loool,2,8
1277284840249929728,RT @talkslt: Love these fantastic visuals designed by our team to explain new Covid related vocabulary to our students. They have been diff…,Love these,2,0
1277285034718789633,RT @MplsMe: Besides the respiratory issues that leave patients gasping for breath the virus that causes COVID-19 attacks many organ system…,patients gasping for breath,5,3
1277285064963997696,Top Twitter  #liderazgocorner: Coronavirus cases in U.S.: Record-breaking 45300 new confirmed COVID-19 cases in on… https://t.co/I0LkUOR6rE,Record-breaking,3,4
1277285124330135552,Seeing people younger than me get COVID and they still go out to the beach and shit they don’t give a fuck about anyone else but themselves,don’t give a fuck,6,9
1277285188259602432,@MiguelZamorano_ I see so many ppl posting that they have Covid and to take it serious. But not long ago I saw them all over town on snap 😭,all over town,6,3
1277285193376829440,@mabh1832 @Pam87052178 @Pearl37615315 @mmpadellan There’s a fundamental difference between the flu and Covid.,@mabh1832 @Pam87052178 @Pearl37615315 @mmpadellan There’s a fundamental difference between the flu and Covid.,0,0
1277285276528893960,RT @jideunconformed: Guys what drug is prescribed for someone with corona?,RT @jideunconformed: Guys what drug is prescribed for someone with corona?,0,0
1277285308661465089,District 218 honors its alumni on the front line of COVID-19.    People like Danel Peters-Rockovich.  Danel graduat… https://t.co/ljcKvhcp7B,front line,1,0
1277285320598355977,RT @hirwaniraja: Due to this pandemic situation of CoronaCompetitive Exams like JEE and NEET seems really imposible to conduct still our H…,imposible,9,5
1277285406191390721,RT @FirstSquawk: TRUMP: CORONA WAS AN UNGOOD GIFT FROM CHINA  SPREAD IN EUROPE AND THE UNITED STATES BUT DID NOT SPREAD IN CHINA,AN UNGOOD GIFT,6,4
1277285444544274433,Number of Covid-19 infections tops 10m worldwide https://t.co/obDuAks1qY,tops,4,5
1277285525469237249,RT @Rameez_kaleri: #InamFoundation is always busy in relief work after distribution of ration bags and awairnees campaign regarding Covid 1…,ration bags,1,0
1277285544339406852,RT @MeatballSquad: men say “i know a place” and then take you to the free COVID-19 testing center at The Starboard in Dewey on Monday 6/29…,men say,8,9
1277285552669126656,RT @DivyarajS_IYC: Warning- Long thread but a mut read.  Q. Where was #COVIDー19 found first?  A. China  Q. Then how did it spread across th…,Then how,4,5
1277285570360881152,Do we believe anything China says about Covid now?,Do we,4,5
1277285639566786561,View #COVID19 estimates for #Brazil which according to our latest estimates is expected to have 166362 COVID-19… https://t.co/JF6VsNo8R8,166362,5,4
1277285858970927106,RT @CruzanChoklate: You risked Corona to end up having to split a $40 tab. God bless.,risked Corona,6,9
1277285877513719809,Everyone please wear a mask. And stop going to indoor bars Covid cases are back on the rise.,stop,6,3
1277285882521780224,@sayohina69 sayohina oxygen cum absorption 5g corona radiation face masks,@sayohina69 sayohina oxygen cum absorption 5g corona radiation face masks,0,0
1277285900813168640,RT @agent_of_change: No question if this man had contracted Covid in Britain he'd be dead by now. Vietnam's a developing country with arou…,he'd be dead,5,7
1277285908585291777,RT @jordan_rubio: The number of reported coronavirus cases has tripled in Harris County since mid-May and people 20 to 29 made up nearly a…,tripled,5,9
1277285918315966464,@gratefulanyway @NPR It’s the majority of Southerners dying of Covid-19 because they believed Trump. But you do you!,But you do you!,6,9
1277285932761260034,@vargoe21 @Mavhure Before corona 💃🏾,@vargoe21 @Mavhure Before corona 💃🏾,0,0
1277285966919553024,@tedcruz Can’t believe you need this explained to you - when Cuomo and NY were dealing with COVID it was early days… https://t.co/q65zz9XGU1,Can’t believe,6,4
1277285982648164353,RT @JMilesKHOU: Happening now: huge response to free #COVID19 testing opportunity at Mexican Consulate in Houston. Many afraid to go elsewh…,Many afraid,5,3
1277285988495212546,Here are the latest numbers from the Florida Department of Health for COVID-19 cases in Lake County. For more infor… https://t.co/PvOhmZRqgU,Here are the latest numbers from the Florida Department of Health for COVID-19 cases in Lake County. For more infor… https://t.co/PvOhmZRqgU,0,0
1277286010636972032,RT @JeannieLee88: If Covid-19 spreads like wildfire in a nail salon in Kingston and a strip club in Vancouver a packed party boat in Toron…,If,4,0
1277286012524417024,@GreyPict @markrowantree The entire Covid daily briefings were English briefings inflicted on us all and often conf… https://t.co/KdGI3zjzQs,inflicted,6,0
1277286029750198275,RT @RushaliMishra6: #postponeneetjee Sir corona cases increasing day by day . And u want to  play covid-19 with the student.And in this co…,increasing day by day,5,6
1277286045164408832,Urgently need plasma donor from covid recovered patient with blood group A+ @CovidIndiaSeva @COVIDNewsByMIB… https://t.co/N0lwkzZCMn,Urgently,5,1
1277286096515198977,What you need to know about COVID-19:  Global cases pass 10 million only 2 US states report decline https://t.co/QpzGJbEid3,only 2,9,3
1277286113544110083,ICYMI: Examining The Dead #25 w/ @CrazyTrain_jb  COVID-19 &amp; horror movies. The Car &amp; Maximum Overdrive plus… https://t.co/kBsCRfvQpu,ICYMI: Examining The Dead #25 w/ @CrazyTrain_jb  COVID-19 &amp; horror movies. The Car &amp; Maximum Overdrive plus… https://t.co/kBsCRfvQpu,0,0
1277286159052406786,people working during covid: stop coming into our stores 😡  also them:,stop,6,4
1277286230997303301,RT @millionairemyls: God please make covid go away,please,5,9
1277286234293972997,@InkandAmmo I low key think these companies are wildin because of COVID and them losing money,losing money,9,3
1277286236676165632,There is no way COVID can enter through his eyes or ears after this. Mission accomplished!!!!,Mission accomplished!!!!,8,2
1277286238534467585,RT @BloombergAsia: Investor faith in the largess of central banks is about to be tested anew as the soaring rate of Covid-19 infections re-…,Investor faith,1,0
1277286260281835521,RT @evensta99338116: @ChuckCallesto Depends on how they handled the virus. Sending Covid positive cases into a nursing is giving the nursin…,into a nursing,4,6
1277286262911774721,RT @InProportion2: Nearly 70% of Covid deaths in Sweden are among the over 80s.  74% of deaths were people in care homes or with home help.…,the over 80s,4,3
1277286284545777665,RT @Pushkar22579243: #Promote_NIOS_Student  Sir corona cases increasing day by day in delhi and NIOS board want to conduct examination at t…,increasing,4,9
1277286432110006272,RT @StopMedTyranny: @GovInslee if the mask makers say right on the box that the mask won’t protect us from COVID-19 and many doctors are…,won’t protect us,5,4
1277286659403526151,@nickjohonas Corona time,@nickjohonas Corona time,0,0
1277286715535720448,RT @VNL: ✅ 2.5 million COVID-19 cases ✅ 127000 Americans dead  ✅ 20 million unemployed  ... but the #GolferInChief never misses his tee ti…,never misses his tee,6,3
1277286716240519168,RT @mohtoonsplace: @somtopapi @obiag_u A medical doctor in the Frontline for Covid-19. Hasn't been home for like 3 months.,for like 3 months.,4,3
1277286733520961536,RT @jcho710: "An N-95 mask filters out particulate matter larger than .3 microns. So the question then is how big is a COVID particle. A CO…,RT @jcho710: "An N-95 mask filters out particulate matter larger than .3 microns. So the question then is how big is a COVID particle. A CO…,0,0
1277286796766982147,You working out? — not na. i guess i’ll start all over again and after covid magiging gym rat nako and sunday rest… https://t.co/JN2TcIDucO,You working out? — not na. i guess i’ll start all over again and after covid magiging gym rat nako and sunday rest… https://t.co/JN2TcIDucO,0,0
1277286802072707073,@RPN_Oficial Why Temperature Screening for COVID-19 Alone is Not Enough https://t.co/TYgDyk9pxH,Not Enough,5,9
1277286890941661186,Feeling breathless dad says Hyderabad man in selfie video minutes before dying of Covid-19  (report by @asrao2009… https://t.co/9R37spyZUA,before dying,3,4
1277287035385118723,RT @ImAnupBaghel: @TheOliveKnife Reality of Delhi's 10000-bed COVID care facility  * Land is of Radha Soami Satsang Beas  * Indo Tibetan B…,RT @ImAnupBaghel: @TheOliveKnife Reality of Delhi's 10000-bed COVID care facility  * Land is of Radha Soami Satsang Beas  * Indo Tibetan B…,0,0
1277287044591562757,Covid 19 testing at Greenville SC https://t.co/B2bMtoIo5d,Covid 19 testing at Greenville SC https://t.co/B2bMtoIo5d,0,0
1277287045216432129,RT @GoAHealth: Expanding access to COVID-19 testing. Alberta will offer asymptomatic COVID-19 testing at community pharmacies making it ea…,Expanding access,1,0
1277287067106541568,@sloyoroll01973 @MayorDanGelber for Governor! He has been ahead of the curve with his management of COVID-19! Displ… https://t.co/CnpwsPjeWr,ahead of the curve,1,0
1277287100019126273,@ChineseEmbinUS Chinese virus.. China spread corona chinese virus..,China spread,6,5
1277287113218719751,RT @PolitiBunny: ‘VERY important read’: Brit Hume shares fact-filled thread from American Academy of Pediatrics on COVID and schools https:…,RT @PolitiBunny: ‘VERY important read’: Brit Hume shares fact-filled thread from American Academy of Pediatrics on COVID and schools https:…,0,0
1277287145569386498,The July 4 Covid Spreadathon is coming up &amp; I just looked at overall hospital bed capacity in #Florida.   If you so… https://t.co/9DCjhYiXVv,Spreadathon,9,5
1277287263408459776,@ianc I can agree with this. COVID forced everyone to slow down and reevaluate what is important in life personally… https://t.co/hntWoFntLn,reevaluate,1,0
1277287308371337219,@ryanstruyk https://t.co/NNkNMONlQt 👏👏 Army vet DESTROYS Trump's COVID propaganda and lays out why we should vote h… https://t.co/dT4tUWeDIJ,DESTROYS,2,1
1277287329569406979,@DiamondandSilk Indeed if children caught covid-19 as often as they were being stolen the media would completely l… https://t.co/CvaIpcjDxv,the media would,6,9
1277287366852403200,RT @yashomeet: Many of students belongs to Delhi and Mumbai I think no one wants to live with them due to covid situation in this region So…,no one wants to,5,3
